# JRE version: Java(TM) SE Runtime Environment (8.0-b132) (build 1.8.0-b132)
# Java VM: Java HotSpot(TM) Server VM (25.0-b70 mixed mode linux-x86 )
Heap:
 par new generation   total 19648K, used 17603K [0x66e00000, 0x68350000, 0x76e00000)
  eden space 17472K,  98% used [0x66e00000, 0x67edbef8, 0x67f10000)
  from space 2176K,  15% used [0x68130000, 0x681850d0, 0x68350000)
  to   space 2176K,   0% used [0x67f10000, 0x67f10000, 0x68130000)
 concurrent mark-sweep generation total 91092K, used 60946K [0x76e00000, 0x7c6f5000, 0xa5c00000)
 Metaspace       used 45803K, capacity 48964K, committed 49024K, reserved 49456K
GC Heap History (10 events):
Event: 57.970 GC heap before
{Heap before GC invocations=102 (full 4):
 par new generation   total 19648K, used 18246K [0x66e00000, 0x68350000, 0x76e00000)
  eden space 17472K, 100% used [0x66e00000, 0x67f10000, 0x67f10000)
  from space 2176K,  35% used [0x67f10000, 0x67fd1858, 0x68130000)
  to   space 2176K,   0% used [0x68130000, 0x68130000, 0x68350000)
 concurrent mark-sweep generation total 91092K, used 60011K [0x76e00000, 0x7c6f5000, 0xa5c00000)
 Metaspace       used 45685K, capacity 48853K, committed 48896K, reserved 49456K
Event: 57.977 GC heap after
Heap after GC invocations=103 (full 4):
 par new generation   total 19648K, used 1353K [0x66e00000, 0x68350000, 0x76e00000)
  eden space 17472K,   0% used [0x66e00000, 0x66e00000, 0x67f10000)
  from space 2176K,  62% used [0x68130000, 0x68282730, 0x68350000)
  to   space 2176K,   0% used [0x67f10000, 0x67f10000, 0x68130000)
 concurrent mark-sweep generation total 91092K, used 60011K [0x76e00000, 0x7c6f5000, 0xa5c00000)
 Metaspace       used 45685K, capacity 48853K, committed 48896K, reserved 49456K
}
Event: 58.152 GC heap before
{Heap before GC invocations=103 (full 4):
 par new generation   total 19648K, used 18825K [0x66e00000, 0x68350000, 0x76e00000)
  eden space 17472K, 100% used [0x66e00000, 0x67f10000, 0x67f10000)
  from space 2176K,  62% used [0x68130000, 0x68282730, 0x68350000)
  to   space 2176K,   0% used [0x67f10000, 0x67f10000, 0x68130000)
 concurrent mark-sweep generation total 91092K, used 60011K [0x76e00000, 0x7c6f5000, 0xa5c00000)
 Metaspace       used 45754K, capacity 48932K, committed 49024K, reserved 49456K
Event: 58.157 GC heap after
Heap after GC invocations=104 (full 4):
 par new generation   total 19648K, used 424K [0x66e00000, 0x68350000, 0x76e00000)
  eden space 17472K,   0% used [0x66e00000, 0x66e00000, 0x67f10000)
  from space 2176K,  19% used [0x67f10000, 0x67f7a338, 0x68130000)
  to   space 2176K,   0% used [0x68130000, 0x68130000, 0x68350000)
 concurrent mark-sweep generation total 91092K, used 60946K [0x76e00000, 0x7c6f5000, 0xa5c00000)
 Metaspace       used 45754K, capacity 48932K, committed 49024K, reserved 49456K
}
Event: 58.252 GC heap before
{Heap before GC invocations=104 (full 4):
 par new generation   total 19648K, used 17896K [0x66e00000, 0x68350000, 0x76e00000)
  eden space 17472K, 100% used [0x66e00000, 0x67f10000, 0x67f10000)
  from space 2176K,  19% used [0x67f10000, 0x67f7a338, 0x68130000)
  to   space 2176K,   0% used [0x68130000, 0x68130000, 0x68350000)
 concurrent mark-sweep generation total 91092K, used 60946K [0x76e00000, 0x7c6f5000, 0xa5c00000)
 Metaspace       used 45766K, capacity 48964K, committed 49024K, reserved 49456K
Event: 58.257 GC heap after
Heap after GC invocations=105 (full 4):
 par new generation   total 19648K, used 310K [0x66e00000, 0x68350000, 0x76e00000)
  eden space 17472K,   0% used [0x66e00000, 0x66e00000, 0x67f10000)
  from space 2176K,  14% used [0x68130000, 0x6817dba0, 0x68350000)
  to   space 2176K,   0% used [0x67f10000, 0x67f10000, 0x68130000)
 concurrent mark-sweep generation total 91092K, used 60946K [0x76e00000, 0x7c6f5000, 0xa5c00000)
 Metaspace       used 45766K, capacity 48964K, committed 49024K, reserved 49456K
}
Event: 58.324 GC heap before
{Heap before GC invocations=105 (full 4):
 par new generation   total 19648K, used 17782K [0x66e00000, 0x68350000, 0x76e00000)
  eden space 17472K, 100% used [0x66e00000, 0x67f10000, 0x67f10000)
  from space 2176K,  14% used [0x68130000, 0x6817dba0, 0x68350000)
  to   space 2176K,   0% used [0x67f10000, 0x67f10000, 0x68130000)
 concurrent mark-sweep generation total 91092K, used 60946K [0x76e00000, 0x7c6f5000, 0xa5c00000)
 Metaspace       used 45774K, capacity 48964K, committed 49024K, reserved 49456K
Event: 58.328 GC heap after
Heap after GC invocations=106 (full 4):
 par new generation   total 19648K, used 350K [0x66e00000, 0x68350000, 0x76e00000)
  eden space 17472K,   0% used [0x66e00000, 0x66e00000, 0x67f10000)
  from space 2176K,  16% used [0x67f10000, 0x67f67bc8, 0x68130000)
  to   space 2176K,   0% used [0x68130000, 0x68130000, 0x68350000)
 concurrent mark-sweep generation total 91092K, used 60946K [0x76e00000, 0x7c6f5000, 0xa5c00000)
 Metaspace       used 45774K, capacity 48964K, committed 49024K, reserved 49456K
}
Event: 58.406 GC heap before
{Heap before GC invocations=106 (full 4):
 par new generation   total 19648K, used 17822K [0x66e00000, 0x68350000, 0x76e00000)
  eden space 17472K, 100% used [0x66e00000, 0x67f10000, 0x67f10000)
  from space 2176K,  16% used [0x67f10000, 0x67f67bc8, 0x68130000)
  to   space 2176K,   0% used [0x68130000, 0x68130000, 0x68350000)
 concurrent mark-sweep generation total 91092K, used 60946K [0x76e00000, 0x7c6f5000, 0xa5c00000)
 Metaspace       used 45780K, capacity 48964K, committed 49024K, reserved 49456K
Event: 58.411 GC heap after
Heap after GC invocations=107 (full 4):
 par new generation   total 19648K, used 340K [0x66e00000, 0x68350000, 0x76e00000)
  eden space 17472K,   0% used [0x66e00000, 0x66e00000, 0x67f10000)
  from space 2176K,  15% used [0x68130000, 0x681850d0, 0x68350000)
  to   space 2176K,   0% used [0x67f10000, 0x67f10000, 0x68130000)
 concurrent mark-sweep generation total 91092K, used 60946K [0x76e00000, 0x7c6f5000, 0xa5c00000)
 Metaspace       used 45780K, capacity 48964K, committed 49024K, reserved 49456K
}

